<?xml version="1.0" encoding="UTF-8"?>
<!-- Generated by org.testng.reporters.JUnitReportReporter -->
<testsuite skipped="0" hostname="LIN19001909" name="com.restapi.test.TC_003_GetHeaders_GoogleAPI" tests="1" failures="0" timestamp="2020-09-10T10:40:06 IST" time="6.881" errors="0">
  <testcase name="getHeaderDetails" time="6.881" classname="com.restapi.test.TC_003_GetHeaders_GoogleAPI"/>
  <system-out/>
</testsuite> <!-- com.restapi.test.TC_003_GetHeaders_GoogleAPI -->
