<?xml version="1.0" encoding="UTF-8"?>
<!-- Generated by org.testng.reporters.JUnitReportReporter -->
<testsuite skipped="0" hostname="LIN19001909" name="com.restapi.test.TC_002_POST_Request" tests="1" failures="0" timestamp="2020-09-09T00:10:47 IST" time="13.485" errors="0">
  <testcase name="createUser" time="13.485" classname="com.restapi.test.TC_002_POST_Request"/>
  <system-out/>
</testsuite> <!-- com.restapi.test.TC_002_POST_Request -->
