<?xml version="1.0" encoding="UTF-8"?>
<!-- Generated by org.testng.reporters.JUnitReportReporter -->
<testsuite skipped="0" hostname="LIN19001909" name="com.restapi.test.DataDrivenTest" tests="4" failures="0" timestamp="2020-09-11T19:45:22 IST" time="10.778" errors="0">
  <testcase name="createUsersTest" time="0.950" classname="com.restapi.test.DataDrivenTest"/>
  <system-out/>
  <testcase name="createUsersTest" time="1.231" classname="com.restapi.test.DataDrivenTest"/>
  <system-out/>
  <testcase name="createUsersTest" time="7.333" classname="com.restapi.test.DataDrivenTest"/>
  <system-out/>
  <testcase name="createUsersTest" time="1.264" classname="com.restapi.test.DataDrivenTest"/>
  <system-out/>
</testsuite> <!-- com.restapi.test.DataDrivenTest -->
