<?xml version="1.0" encoding="UTF-8"?>
<!-- Generated by org.testng.reporters.JUnitReportReporter -->
<testsuite skipped="0" hostname="LIN19001909" name="com.restapi.test.TC_001" tests="1" failures="0" timestamp="2020-09-08T16:22:15 IST" time="10.583" errors="0">
  <testcase name="getWeatherDetails" time="10.583" classname="com.restapi.test.TC_001"/>
  <system-out/>
</testsuite> <!-- com.restapi.test.TC_001 -->
